0 info it worked if it ends with ok
1 verbose cli [ 'C:\\Program Files\\nodejs\\node.exe',
1 verbose cli   'C:\\Program Files\\nodejs\\node_modules\\npm\\bin\\npm-cli.js',
1 verbose cli   'run',
1 verbose cli   'dev',
1 verbose cli   '--scripts-prepend-node-path=auto' ]
2 info using npm@3.8.9
3 info using node@v6.2.0
4 verbose run-script [ 'predev', 'dev', 'postdev' ]
5 info lifecycle nebjs-regexp-lex@1.0.1~predev: nebjs-regexp-lex@1.0.1
6 silly lifecycle nebjs-regexp-lex@1.0.1~predev: no script for predev, continuing
7 info lifecycle nebjs-regexp-lex@1.0.1~dev: nebjs-regexp-lex@1.0.1
8 verbose lifecycle nebjs-regexp-lex@1.0.1~dev: unsafe-perm in lifecycle true
9 verbose lifecycle nebjs-regexp-lex@1.0.1~dev: PATH: C:\Program Files\nodejs\node_modules\npm\bin\node-gyp-bin;H:\nebyun\nebjs-regexp-lex\node_modules\.bin;C:\Program Files\nodejs;C:\ProgramData\Oracle\Java\javapath;C:\Windows\system32;C:\Windows;C:\Windows\System32\Wbem;C:\Windows\System32\WindowsPowerShell\v1.0\;C:\Program Files\TortoiseSVN\bin;C:\Users\taolin\.dnx\bin;C:\Program Files\Microsoft DNX\Dnvm\;C:\Program Files\nodejs\;C:\Program Files\Git\cmd;C:\Ruby24-x64\bin;C:\Users\taolin\AppData\Roaming\npm;C:\Users\taolin\AppData\Local\GitHubDesktop\bin
10 verbose lifecycle nebjs-regexp-lex@1.0.1~dev: CWD: H:\nebyun\nebjs-regexp-lex
11 silly lifecycle nebjs-regexp-lex@1.0.1~dev: Args: [ '/d /s /c', 'webpack --config webpack/dev.config.js' ]
12 silly lifecycle nebjs-regexp-lex@1.0.1~dev: Returned: code: 1  signal: null
13 info lifecycle nebjs-regexp-lex@1.0.1~dev: Failed to exec dev script
14 verbose stack Error: nebjs-regexp-lex@1.0.1 dev: `webpack --config webpack/dev.config.js`
14 verbose stack Exit status 1
14 verbose stack     at EventEmitter.<anonymous> (C:\Program Files\nodejs\node_modules\npm\lib\utils\lifecycle.js:245:16)
14 verbose stack     at emitTwo (events.js:106:13)
14 verbose stack     at EventEmitter.emit (events.js:191:7)
14 verbose stack     at ChildProcess.<anonymous> (C:\Program Files\nodejs\node_modules\npm\lib\utils\spawn.js:24:14)
14 verbose stack     at emitTwo (events.js:106:13)
14 verbose stack     at ChildProcess.emit (events.js:191:7)
14 verbose stack     at maybeClose (internal/child_process.js:850:16)
14 verbose stack     at Process.ChildProcess._handle.onexit (internal/child_process.js:215:5)
15 verbose pkgid nebjs-regexp-lex@1.0.1
16 verbose cwd H:\nebyun\nebjs-regexp-lex
17 error Windows_NT 10.0.10240
18 error argv "C:\\Program Files\\nodejs\\node.exe" "C:\\Program Files\\nodejs\\node_modules\\npm\\bin\\npm-cli.js" "run" "dev" "--scripts-prepend-node-path=auto"
19 error node v6.2.0
20 error npm  v3.8.9
21 error code ELIFECYCLE
22 error nebjs-regexp-lex@1.0.1 dev: `webpack --config webpack/dev.config.js`
22 error Exit status 1
23 error Failed at the nebjs-regexp-lex@1.0.1 dev script 'webpack --config webpack/dev.config.js'.
23 error Make sure you have the latest version of node.js and npm installed.
23 error If you do, this is most likely a problem with the nebjs-regexp-lex package,
23 error not with npm itself.
23 error Tell the author that this fails on your system:
23 error     webpack --config webpack/dev.config.js
23 error You can get information on how to open an issue for this project with:
23 error     npm bugs nebjs-regexp-lex
23 error Or if that isn't available, you can get their info via:
23 error     npm owner ls nebjs-regexp-lex
23 error There is likely additional logging output above.
24 verbose exit [ 1, true ]
